{
  "RSpec": {
    "coverage": {
      "/Users/student/Projects/Makers-BnB/spec/feature/User_story_3_spec.rb": [
        null,
        1,
        null,
        1,
        1,
        1,
        null,
        null,
        1,
        1,
        1,
        0,
        null,
        null,
        1,
        1,
        1,
        1,
        1,
        1,
        null,
        null,
        1,
        1,
        1,
        1,
        1,
        1,
        1,
        1,
        1,
        1,
        null,
        null,
        null
      ],
      "/Users/student/Projects/Makers-BnB/spec/unit/space_spec.rb": [
        null,
        1,
        null,
        1,
        1,
        0,
        0,
        0,
        null,
        null,
        null
      ]
    },
    "timestamp": 1559639748
  }
}
